Arguments: 
  /usr/local/bin/node /usr/local/bin/yarn

PATH: 
  /usr/local/bin:/usr/bin:/bin:/usr/sbin:/sbin:/Library/Apple/usr/bin

Yarn version: 
  1.15.2

Node version: 
  14.16.0

Platform: 
  darwin x64

Trace: 
  Error: dev:vite: Invalid protocol: dev:
      at Request.module.exports.Request.init (/usr/local/lib/node_modules/yarn/lib/cli.js:129810:31)
      at new Request (/usr/local/lib/node_modules/yarn/lib/cli.js:129483:8)
      at request (/usr/local/lib/node_modules/yarn/lib/cli.js:126389:10)
      at RequestManager.execute (/usr/local/lib/node_modules/yarn/lib/cli.js:66110:15)
      at RequestManager.shiftQueue (/usr/local/lib/node_modules/yarn/lib/cli.js:66148:10)
      at /usr/local/lib/node_modules/yarn/lib/cli.js:65827:13
      at new Promise (<anonymous>)
      at new F (/usr/local/lib/node_modules/yarn/lib/cli.js:5228:28)
      at RequestManager.request (/usr/local/lib/node_modules/yarn/lib/cli.js:65825:19)
      at NpmRegistry.<anonymous> (/usr/local/lib/node_modules/yarn/lib/cli.js:31610:42)

npm manifest: 
  {
    "name": "max-pack",
    "version": "1.0.0",
    "description": "pack anything",
    "main": "index.js",
    "scripts": {
      "test": "echo \"Error: no test specified\" && exit 1"
    },
    "dependencies": {
      "dev:vite": "vite",
      "build": "vite build",
      "serve": "vite preview"
    },
    "devDependencies": {
      "vue": "^3.0.5",
      "@vitejs/plugin-vue": "^1.1.4",
      "@vue/compiler-sfc": "^3.0.5",
      "typescript": "^4.1.3",
      "vite": "^2.0.1"
    },
    "repository": {
      "type": "git",
      "url": "git+https://github.com/JimmieMax/max-pack.git"
    },
    "keywords": [
      "pack",
      "anything",
      "vite"
    ],
    "author": "Jimmie Max",
    "license": "ISC",
    "bugs": {
      "url": "https://github.com/JimmieMax/max-pack/issues"
    },
    "homepage": "https://github.com/JimmieMax/max-pack#readme"
  }

yarn manifest: 
  No manifest

Lockfile: 
  # THIS IS AN AUTOGENERATED FILE. DO NOT EDIT THIS FILE DIRECTLY.
  # yarn lockfile v1
